2022-01-10 14:23:45,757 DEBUG - org.ops4j.pax.logging.pax-logging-service - BundleEvent STARTED - org.ops4j.pax.logging.pax-logging-service
2022-01-10 14:23:45,760 DEBUG - de.rcenvironment.core.configuration.bootstrap - BundleEvent STARTING - de.rcenvironment.core.configuration.bootstrap
2022-01-10 14:24:23,948 ERROR - bootstrap - Error in early startup
de.rcenvironment.core.configuration.bootstrap.profile.ProfileException: The configured profile directory "C:\Users\Costijn\.rce\default\workspace\sellar_full_try\placeholder.json" points to a file. It must either point to an existing profile directory or must be a path pointing to a not yet existing directory. Please check your launch settings.
	at de.rcenvironment.core.configuration.bootstrap.profile.BaseProfile.init(BaseProfile.java:94)
	at de.rcenvironment.core.configuration.bootstrap.profile.Profile.<init>(Profile.java:68)
	at de.rcenvironment.core.configuration.bootstrap.profile.Profile.<init>(Profile.java:42)
	at de.rcenvironment.core.configuration.bootstrap.BootstrapConfiguration.determineOriginalProfileDir(BootstrapConfiguration.java:252)
	at de.rcenvironment.core.configuration.bootstrap.BootstrapConfiguration.<init>(BootstrapConfiguration.java:105)
	at de.rcenvironment.core.configuration.bootstrap.BootstrapConfiguration.initialize(BootstrapConfiguration.java:184)
	at de.rcenvironment.core.configuration.bootstrap.internal.Activator.start(Activator.java:52)
	at org.eclipse.osgi.framework.internal.core.BundleContextImpl$1.run(BundleContextImpl.java:711)
	at java.security.AccessController.doPrivileged(Native Method)
	at org.eclipse.osgi.framework.internal.core.BundleContextImpl.startActivator(BundleContextImpl.java:702)
	at org.eclipse.osgi.framework.internal.core.BundleContextImpl.start(BundleContextImpl.java:683)
	at org.eclipse.osgi.framework.internal.core.BundleHost.startWorker(BundleHost.java:381)
	at org.eclipse.osgi.framework.internal.core.AbstractBundle.resume(AbstractBundle.java:389)
	at org.eclipse.osgi.framework.internal.core.Framework.resumeBundle(Framework.java:1131)
	at org.eclipse.osgi.framework.internal.core.StartLevelManager.resumeBundles(StartLevelManager.java:559)
	at org.eclipse.osgi.framework.internal.core.StartLevelManager.resumeBundles(StartLevelManager.java:544)
	at org.eclipse.osgi.framework.internal.core.StartLevelManager.incFWSL(StartLevelManager.java:457)
	at org.eclipse.osgi.framework.internal.core.StartLevelManager.doSetStartLevel(StartLevelManager.java:243)
	at org.eclipse.osgi.framework.internal.core.StartLevelManager.dispatchEvent(StartLevelManager.java:438)
	at org.eclipse.osgi.framework.internal.core.StartLevelManager.dispatchEvent(StartLevelManager.java:1)
	at org.eclipse.osgi.framework.eventmgr.EventManager.dispatchEvent(EventManager.java:230)
	at org.eclipse.osgi.framework.eventmgr.EventManager$EventThread.run(EventManager.java:340)
